Microsoft HTML Help Compiler 4.74.8702

Compiling d:\Sources\CodeGen\CodeGen.hlp\CodeGen.chm

CodeGen.hhc

Compile time: 0 minutes, 0 seconds
5	Topics
5	Local links
0	Internet links
8	Graphics


Created d:\Sources\CodeGen\CodeGen.hlp\CodeGen.chm, 43,966 bytes
Compression decreased file by 103,885 bytes.
Microsoft HTML Help Compiler 4.74.8702

Compiling d:\Sources\CodeGen\CodeGen.hlp\CodeGen.chm

CodeGen.hhc

Compile time: 0 minutes, 0 seconds
5	Topics
5	Local links
0	Internet links
8	Graphics


Created d:\Sources\CodeGen\CodeGen.hlp\CodeGen.chm, 43,866 bytes
Compression decreased file by 104,167 bytes.
Microsoft HTML Help Compiler 4.74.8702

Compiling d:\Sources\CodeGen\CodeGen.hlp\CodeGen.chm

CodeGen.hhc

Compile time: 0 minutes, 0 seconds
5	Topics
7	Local links
0	Internet links
8	Graphics


Created d:\Sources\CodeGen\CodeGen.hlp\CodeGen.chm, 43,930 bytes
Compression decreased file by 104,667 bytes.
